2017-05-03 15:56:58,988 - Log4JLogChute initialized using file 'velocity.log'
2017-05-03 15:56:58,988 - Velocity was not initialized! Calling init()...
2017-05-03 15:56:58,989 - Starting Apache Velocity v1.5 (compiled: 2007-02-22 08:52:29)
2017-05-03 15:56:58,989 - Default Properties File: org/apache/velocity/runtime/defaults/velocity.properties
2017-05-03 15:56:58,989 - Trying to use logger class org.apache.velocity.runtime.log.AvalonLogChute
2017-05-03 15:56:58,989 - Couldn't find class org.apache.velocity.runtime.log.AvalonLogChute or necessary supporting classes in classpath.
java.lang.NoClassDefFoundError: org/apache/log/format/Formatter
	at java.lang.Class.forName0(Native Method)
	at java.lang.Class.forName(Class.java:348)
	at org.apache.velocity.util.ClassUtils.getClass(ClassUtils.java:63)
	at org.apache.velocity.util.ClassUtils.getNewInstance(ClassUtils.java:95)
	at org.apache.velocity.runtime.log.LogManager.createLogChute(LogManager.java:147)
	at org.apache.velocity.runtime.log.LogManager.updateLog(LogManager.java:208)
	at org.apache.velocity.runtime.RuntimeInstance.initializeLog(RuntimeInstance.java:728)
	at org.apache.velocity.runtime.RuntimeInstance.init(RuntimeInstance.java:240)
	at org.apache.velocity.runtime.RuntimeInstance.parse(RuntimeInstance.java:993)
	at org.apache.velocity.runtime.RuntimeInstance.parse(RuntimeInstance.java:972)
	at org.apache.velocity.runtime.RuntimeSingleton.parse(RuntimeSingleton.java:265)
	at org.apache.velocity.app.Velocity.evaluate(Velocity.java:274)
	at com.cssrc.study.maven.WeatherFormatter.format(WeatherFormatter.java:24)
	at com.cssrc.study.maven.WeatherFormatterTest.testFormat(WeatherFormatterTest.java:21)
	at sun.reflect.NativeMethodAccessorImpl.invoke0(Native Method)
	at sun.reflect.NativeMethodAccessorImpl.invoke(NativeMethodAccessorImpl.java:62)
	at sun.reflect.DelegatingMethodAccessorImpl.invoke(DelegatingMethodAccessorImpl.java:43)
	at java.lang.reflect.Method.invoke(Method.java:498)
	at junit.framework.TestCase.runTest(TestCase.java:154)
	at junit.framework.TestCase.runBare(TestCase.java:127)
	at junit.framework.TestResult$1.protect(TestResult.java:106)
	at junit.framework.TestResult.runProtected(TestResult.java:124)
	at junit.framework.TestResult.run(TestResult.java:109)
	at junit.framework.TestCase.run(TestCase.java:118)
	at junit.framework.TestSuite.runTest(TestSuite.java:208)
	at junit.framework.TestSuite.run(TestSuite.java:203)
	at sun.reflect.NativeMethodAccessorImpl.invoke0(Native Method)
	at sun.reflect.NativeMethodAccessorImpl.invoke(NativeMethodAccessorImpl.java:62)
	at sun.reflect.DelegatingMethodAccessorImpl.invoke(DelegatingMethodAccessorImpl.java:43)
	at java.lang.reflect.Method.invoke(Method.java:498)
	at org.apache.maven.surefire.junit.JUnitTestSet.execute(JUnitTestSet.java:95)
	at org.apache.maven.surefire.junit.JUnit3Provider.executeTestSet(JUnit3Provider.java:121)
	at org.apache.maven.surefire.junit.JUnit3Provider.invoke(JUnit3Provider.java:98)
	at sun.reflect.NativeMethodAccessorImpl.invoke0(Native Method)
	at sun.reflect.NativeMethodAccessorImpl.invoke(NativeMethodAccessorImpl.java:62)
	at sun.reflect.DelegatingMethodAccessorImpl.invoke(DelegatingMethodAccessorImpl.java:43)
	at java.lang.reflect.Method.invoke(Method.java:498)
	at org.apache.maven.surefire.util.ReflectionUtils.invokeMethodWithArray(ReflectionUtils.java:189)
	at org.apache.maven.surefire.booter.ProviderFactory$ProviderProxy.invoke(ProviderFactory.java:165)
	at org.apache.maven.surefire.booter.ProviderFactory.invokeProvider(ProviderFactory.java:85)
	at org.apache.maven.surefire.booter.ForkedBooter.runSuitesInProcess(ForkedBooter.java:115)
	at org.apache.maven.surefire.booter.ForkedBooter.main(ForkedBooter.java:75)
Caused by: java.lang.ClassNotFoundException: org.apache.log.format.Formatter
	at java.net.URLClassLoader.findClass(URLClassLoader.java:381)
	at java.lang.ClassLoader.loadClass(ClassLoader.java:424)
	at sun.misc.Launcher$AppClassLoader.loadClass(Launcher.java:331)
	at java.lang.ClassLoader.loadClass(ClassLoader.java:357)
	... 42 more
2017-05-03 15:56:58,991 - Trying to use logger class org.apache.velocity.runtime.log.Log4JLogChute
2017-05-03 15:56:58,991 - Using logger class org.apache.velocity.runtime.log.Log4JLogChute
2017-05-03 15:56:58,992 - Default ResourceManager initializing. (class org.apache.velocity.runtime.resource.ResourceManagerImpl)
2017-05-03 15:56:58,994 - ResourceLoader instantiated: org.apache.velocity.runtime.resource.loader.FileResourceLoader
2017-05-03 15:56:58,995 - Do unicode file recognition:  false
2017-05-03 15:56:58,995 - FileResourceLoader : adding path '.'
2017-05-03 15:56:59,002 - ResourceCache: initialized (class org.apache.velocity.runtime.resource.ResourceCacheImpl)
2017-05-03 15:56:59,002 - Loaded System Directive: org.apache.velocity.runtime.directive.Literal
2017-05-03 15:56:59,003 - Loaded System Directive: org.apache.velocity.runtime.directive.Macro
2017-05-03 15:56:59,004 - Loaded System Directive: org.apache.velocity.runtime.directive.Parse
2017-05-03 15:56:59,004 - Loaded System Directive: org.apache.velocity.runtime.directive.Include
2017-05-03 15:56:59,005 - Loaded System Directive: org.apache.velocity.runtime.directive.Foreach
2017-05-03 15:56:59,026 - Created '20' parsers.
2017-05-03 15:56:59,029 - Velocimacro : "velocimacro.library" is not set.  Trying default library: VM_global_library.vm
2017-05-03 15:56:59,029 - Velocimacro : Default library not found.
2017-05-03 15:56:59,029 - Velocimacro : allowInline = true : VMs can be defined inline in templates
2017-05-03 15:56:59,029 - Velocimacro : allowInlineToOverride = false : VMs defined inline may NOT replace previous VM definitions
2017-05-03 15:56:59,029 - Velocimacro : allowInlineLocal = false : VMs defined inline will be global in scope if allowed.
2017-05-03 15:56:59,029 - Velocimacro : autoload off : VM system will not automatically reload global library macros
2017-05-03 15:58:02,531 - Log4JLogChute initialized using file 'velocity.log'
2017-05-03 15:58:02,532 - Velocity was not initialized! Calling init()...
2017-05-03 15:58:02,532 - Starting Apache Velocity v1.5 (compiled: 2007-02-22 08:52:29)
2017-05-03 15:58:02,532 - Default Properties File: org/apache/velocity/runtime/defaults/velocity.properties
2017-05-03 15:58:02,532 - Trying to use logger class org.apache.velocity.runtime.log.AvalonLogChute
2017-05-03 15:58:02,533 - Couldn't find class org.apache.velocity.runtime.log.AvalonLogChute or necessary supporting classes in classpath.
java.lang.NoClassDefFoundError: org/apache/log/format/Formatter
	at java.lang.Class.forName0(Native Method)
	at java.lang.Class.forName(Class.java:348)
	at org.apache.velocity.util.ClassUtils.getClass(ClassUtils.java:63)
	at org.apache.velocity.util.ClassUtils.getNewInstance(ClassUtils.java:95)
	at org.apache.velocity.runtime.log.LogManager.createLogChute(LogManager.java:147)
	at org.apache.velocity.runtime.log.LogManager.updateLog(LogManager.java:208)
	at org.apache.velocity.runtime.RuntimeInstance.initializeLog(RuntimeInstance.java:728)
	at org.apache.velocity.runtime.RuntimeInstance.init(RuntimeInstance.java:240)
	at org.apache.velocity.runtime.RuntimeInstance.parse(RuntimeInstance.java:993)
	at org.apache.velocity.runtime.RuntimeInstance.parse(RuntimeInstance.java:972)
	at org.apache.velocity.runtime.RuntimeSingleton.parse(RuntimeSingleton.java:265)
	at org.apache.velocity.app.Velocity.evaluate(Velocity.java:274)
	at com.cssrc.study.maven.WeatherFormatter.format(WeatherFormatter.java:24)
	at com.cssrc.study.maven.WeatherFormatterTest.testFormat(WeatherFormatterTest.java:21)
	at sun.reflect.NativeMethodAccessorImpl.invoke0(Native Method)
	at sun.reflect.NativeMethodAccessorImpl.invoke(NativeMethodAccessorImpl.java:62)
	at sun.reflect.DelegatingMethodAccessorImpl.invoke(DelegatingMethodAccessorImpl.java:43)
	at java.lang.reflect.Method.invoke(Method.java:498)
	at junit.framework.TestCase.runTest(TestCase.java:154)
	at junit.framework.TestCase.runBare(TestCase.java:127)
	at junit.framework.TestResult$1.protect(TestResult.java:106)
	at junit.framework.TestResult.runProtected(TestResult.java:124)
	at junit.framework.TestResult.run(TestResult.java:109)
	at junit.framework.TestCase.run(TestCase.java:118)
	at junit.textui.TestRunner.doRun(TestRunner.java:116)
	at com.intellij.junit3.JUnit3IdeaTestRunner.doRun(JUnit3IdeaTestRunner.java:144)
	at junit.textui.TestRunner.doRun(TestRunner.java:109)
	at com.intellij.junit3.JUnit3IdeaTestRunner.startRunnerWithArgs(JUnit3IdeaTestRunner.java:51)
	at com.intellij.rt.execution.junit.JUnitStarter.prepareStreamsAndStart(JUnitStarter.java:262)
	at com.intellij.rt.execution.junit.JUnitStarter.main(JUnitStarter.java:84)
	at sun.reflect.NativeMethodAccessorImpl.invoke0(Native Method)
	at sun.reflect.NativeMethodAccessorImpl.invoke(NativeMethodAccessorImpl.java:62)
	at sun.reflect.DelegatingMethodAccessorImpl.invoke(DelegatingMethodAccessorImpl.java:43)
	at java.lang.reflect.Method.invoke(Method.java:498)
	at com.intellij.rt.execution.application.AppMain.main(AppMain.java:147)
Caused by: java.lang.ClassNotFoundException: org.apache.log.format.Formatter
	at java.net.URLClassLoader.findClass(URLClassLoader.java:381)
	at java.lang.ClassLoader.loadClass(ClassLoader.java:424)
	at sun.misc.Launcher$AppClassLoader.loadClass(Launcher.java:331)
	at java.lang.ClassLoader.loadClass(ClassLoader.java:357)
	... 35 more
2017-05-03 15:58:02,536 - Trying to use logger class org.apache.velocity.runtime.log.Log4JLogChute
2017-05-03 15:58:02,536 - Using logger class org.apache.velocity.runtime.log.Log4JLogChute
2017-05-03 15:58:02,540 - Default ResourceManager initializing. (class org.apache.velocity.runtime.resource.ResourceManagerImpl)
2017-05-03 15:58:02,543 - ResourceLoader instantiated: org.apache.velocity.runtime.resource.loader.FileResourceLoader
2017-05-03 15:58:02,543 - Do unicode file recognition:  false
2017-05-03 15:58:02,543 - FileResourceLoader : adding path '.'
2017-05-03 15:58:02,558 - ResourceCache: initialized (class org.apache.velocity.runtime.resource.ResourceCacheImpl)
2017-05-03 15:58:02,559 - Loaded System Directive: org.apache.velocity.runtime.directive.Literal
2017-05-03 15:58:02,560 - Loaded System Directive: org.apache.velocity.runtime.directive.Macro
2017-05-03 15:58:02,561 - Loaded System Directive: org.apache.velocity.runtime.directive.Parse
2017-05-03 15:58:02,562 - Loaded System Directive: org.apache.velocity.runtime.directive.Include
2017-05-03 15:58:02,562 - Loaded System Directive: org.apache.velocity.runtime.directive.Foreach
2017-05-03 15:58:02,584 - Created '20' parsers.
2017-05-03 15:58:02,589 - Velocimacro : "velocimacro.library" is not set.  Trying default library: VM_global_library.vm
2017-05-03 15:58:02,590 - Velocimacro : Default library not found.
2017-05-03 15:58:02,590 - Velocimacro : allowInline = true : VMs can be defined inline in templates
2017-05-03 15:58:02,590 - Velocimacro : allowInlineToOverride = false : VMs defined inline may NOT replace previous VM definitions
2017-05-03 15:58:02,590 - Velocimacro : allowInlineLocal = false : VMs defined inline will be global in scope if allowed.
2017-05-03 15:58:02,590 - Velocimacro : autoload off : VM system will not automatically reload global library macros
2017-05-03 15:58:31,713 - Log4JLogChute initialized using file 'velocity.log'
2017-05-03 15:58:31,713 - Velocity was not initialized! Calling init()...
2017-05-03 15:58:31,713 - Starting Apache Velocity v1.5 (compiled: 2007-02-22 08:52:29)
2017-05-03 15:58:31,713 - Default Properties File: org/apache/velocity/runtime/defaults/velocity.properties
2017-05-03 15:58:31,713 - Trying to use logger class org.apache.velocity.runtime.log.AvalonLogChute
2017-05-03 15:58:31,714 - Couldn't find class org.apache.velocity.runtime.log.AvalonLogChute or necessary supporting classes in classpath.
java.lang.NoClassDefFoundError: org/apache/log/format/Formatter
	at java.lang.Class.forName0(Native Method)
	at java.lang.Class.forName(Class.java:348)
	at org.apache.velocity.util.ClassUtils.getClass(ClassUtils.java:63)
	at org.apache.velocity.util.ClassUtils.getNewInstance(ClassUtils.java:95)
	at org.apache.velocity.runtime.log.LogManager.createLogChute(LogManager.java:147)
	at org.apache.velocity.runtime.log.LogManager.updateLog(LogManager.java:208)
	at org.apache.velocity.runtime.RuntimeInstance.initializeLog(RuntimeInstance.java:728)
	at org.apache.velocity.runtime.RuntimeInstance.init(RuntimeInstance.java:240)
	at org.apache.velocity.runtime.RuntimeInstance.parse(RuntimeInstance.java:993)
	at org.apache.velocity.runtime.RuntimeInstance.parse(RuntimeInstance.java:972)
	at org.apache.velocity.runtime.RuntimeSingleton.parse(RuntimeSingleton.java:265)
	at org.apache.velocity.app.Velocity.evaluate(Velocity.java:274)
	at com.cssrc.study.maven.WeatherFormatter.format(WeatherFormatter.java:24)
	at com.cssrc.study.maven.WeatherFormatterTest.testFormat(WeatherFormatterTest.java:21)
	at sun.reflect.NativeMethodAccessorImpl.invoke0(Native Method)
	at sun.reflect.NativeMethodAccessorImpl.invoke(NativeMethodAccessorImpl.java:62)
	at sun.reflect.DelegatingMethodAccessorImpl.invoke(DelegatingMethodAccessorImpl.java:43)
	at java.lang.reflect.Method.invoke(Method.java:498)
	at junit.framework.TestCase.runTest(TestCase.java:154)
	at junit.framework.TestCase.runBare(TestCase.java:127)
	at junit.framework.TestResult$1.protect(TestResult.java:106)
	at junit.framework.TestResult.runProtected(TestResult.java:124)
	at junit.framework.TestResult.run(TestResult.java:109)
	at junit.framework.TestCase.run(TestCase.java:118)
	at junit.textui.TestRunner.doRun(TestRunner.java:116)
	at com.intellij.junit3.JUnit3IdeaTestRunner.doRun(JUnit3IdeaTestRunner.java:144)
	at junit.textui.TestRunner.doRun(TestRunner.java:109)
	at com.intellij.junit3.JUnit3IdeaTestRunner.startRunnerWithArgs(JUnit3IdeaTestRunner.java:51)
	at com.intellij.rt.execution.junit.JUnitStarter.prepareStreamsAndStart(JUnitStarter.java:262)
	at com.intellij.rt.execution.junit.JUnitStarter.main(JUnitStarter.java:84)
	at sun.reflect.NativeMethodAccessorImpl.invoke0(Native Method)
	at sun.reflect.NativeMethodAccessorImpl.invoke(NativeMethodAccessorImpl.java:62)
	at sun.reflect.DelegatingMethodAccessorImpl.invoke(DelegatingMethodAccessorImpl.java:43)
	at java.lang.reflect.Method.invoke(Method.java:498)
	at com.intellij.rt.execution.application.AppMain.main(AppMain.java:147)
Caused by: java.lang.ClassNotFoundException: org.apache.log.format.Formatter
	at java.net.URLClassLoader.findClass(URLClassLoader.java:381)
	at java.lang.ClassLoader.loadClass(ClassLoader.java:424)
	at sun.misc.Launcher$AppClassLoader.loadClass(Launcher.java:331)
	at java.lang.ClassLoader.loadClass(ClassLoader.java:357)
	... 35 more
2017-05-03 15:58:31,717 - Trying to use logger class org.apache.velocity.runtime.log.Log4JLogChute
2017-05-03 15:58:31,717 - Using logger class org.apache.velocity.runtime.log.Log4JLogChute
2017-05-03 15:58:31,718 - Default ResourceManager initializing. (class org.apache.velocity.runtime.resource.ResourceManagerImpl)
2017-05-03 15:58:31,721 - ResourceLoader instantiated: org.apache.velocity.runtime.resource.loader.FileResourceLoader
2017-05-03 15:58:31,722 - Do unicode file recognition:  false
2017-05-03 15:58:31,722 - FileResourceLoader : adding path '.'
2017-05-03 15:58:31,731 - ResourceCache: initialized (class org.apache.velocity.runtime.resource.ResourceCacheImpl)
2017-05-03 15:58:31,732 - Loaded System Directive: org.apache.velocity.runtime.directive.Literal
2017-05-03 15:58:31,733 - Loaded System Directive: org.apache.velocity.runtime.directive.Macro
2017-05-03 15:58:31,734 - Loaded System Directive: org.apache.velocity.runtime.directive.Parse
2017-05-03 15:58:31,735 - Loaded System Directive: org.apache.velocity.runtime.directive.Include
2017-05-03 15:58:31,735 - Loaded System Directive: org.apache.velocity.runtime.directive.Foreach
2017-05-03 15:58:31,758 - Created '20' parsers.
2017-05-03 15:58:31,761 - Velocimacro : "velocimacro.library" is not set.  Trying default library: VM_global_library.vm
2017-05-03 15:58:31,762 - Velocimacro : Default library not found.
2017-05-03 15:58:31,762 - Velocimacro : allowInline = true : VMs can be defined inline in templates
2017-05-03 15:58:31,762 - Velocimacro : allowInlineToOverride = false : VMs defined inline may NOT replace previous VM definitions
2017-05-03 15:58:31,762 - Velocimacro : allowInlineLocal = false : VMs defined inline will be global in scope if allowed.
2017-05-03 15:58:31,762 - Velocimacro : autoload off : VM system will not automatically reload global library macros
2017-05-03 15:58:53,452 - Log4JLogChute initialized using file 'velocity.log'
2017-05-03 15:58:53,452 - Velocity was not initialized! Calling init()...
2017-05-03 15:58:53,452 - Starting Apache Velocity v1.5 (compiled: 2007-02-22 08:52:29)
2017-05-03 15:58:53,452 - Default Properties File: org/apache/velocity/runtime/defaults/velocity.properties
2017-05-03 15:58:53,452 - Trying to use logger class org.apache.velocity.runtime.log.AvalonLogChute
2017-05-03 15:58:53,453 - Couldn't find class org.apache.velocity.runtime.log.AvalonLogChute or necessary supporting classes in classpath.
java.lang.NoClassDefFoundError: org/apache/log/format/Formatter
	at java.lang.Class.forName0(Native Method)
	at java.lang.Class.forName(Class.java:348)
	at org.apache.velocity.util.ClassUtils.getClass(ClassUtils.java:63)
	at org.apache.velocity.util.ClassUtils.getNewInstance(ClassUtils.java:95)
	at org.apache.velocity.runtime.log.LogManager.createLogChute(LogManager.java:147)
	at org.apache.velocity.runtime.log.LogManager.updateLog(LogManager.java:208)
	at org.apache.velocity.runtime.RuntimeInstance.initializeLog(RuntimeInstance.java:728)
	at org.apache.velocity.runtime.RuntimeInstance.init(RuntimeInstance.java:240)
	at org.apache.velocity.runtime.RuntimeInstance.parse(RuntimeInstance.java:993)
	at org.apache.velocity.runtime.RuntimeInstance.parse(RuntimeInstance.java:972)
	at org.apache.velocity.runtime.RuntimeSingleton.parse(RuntimeSingleton.java:265)
	at org.apache.velocity.app.Velocity.evaluate(Velocity.java:274)
	at com.cssrc.study.maven.WeatherFormatter.format(WeatherFormatter.java:24)
	at com.cssrc.study.maven.WeatherFormatterTest.testFormat(WeatherFormatterTest.java:21)
	at sun.reflect.NativeMethodAccessorImpl.invoke0(Native Method)
	at sun.reflect.NativeMethodAccessorImpl.invoke(NativeMethodAccessorImpl.java:62)
	at sun.reflect.DelegatingMethodAccessorImpl.invoke(DelegatingMethodAccessorImpl.java:43)
	at java.lang.reflect.Method.invoke(Method.java:498)
	at junit.framework.TestCase.runTest(TestCase.java:154)
	at junit.framework.TestCase.runBare(TestCase.java:127)
	at junit.framework.TestResult$1.protect(TestResult.java:106)
	at junit.framework.TestResult.runProtected(TestResult.java:124)
	at junit.framework.TestResult.run(TestResult.java:109)
	at junit.framework.TestCase.run(TestCase.java:118)
	at junit.textui.TestRunner.doRun(TestRunner.java:116)
	at com.intellij.junit3.JUnit3IdeaTestRunner.doRun(JUnit3IdeaTestRunner.java:144)
	at junit.textui.TestRunner.doRun(TestRunner.java:109)
	at com.intellij.junit3.JUnit3IdeaTestRunner.startRunnerWithArgs(JUnit3IdeaTestRunner.java:51)
	at com.intellij.rt.execution.junit.JUnitStarter.prepareStreamsAndStart(JUnitStarter.java:262)
	at com.intellij.rt.execution.junit.JUnitStarter.main(JUnitStarter.java:84)
	at sun.reflect.NativeMethodAccessorImpl.invoke0(Native Method)
	at sun.reflect.NativeMethodAccessorImpl.invoke(NativeMethodAccessorImpl.java:62)
	at sun.reflect.DelegatingMethodAccessorImpl.invoke(DelegatingMethodAccessorImpl.java:43)
	at java.lang.reflect.Method.invoke(Method.java:498)
	at com.intellij.rt.execution.application.AppMain.main(AppMain.java:147)
Caused by: java.lang.ClassNotFoundException: org.apache.log.format.Formatter
	at java.net.URLClassLoader.findClass(URLClassLoader.java:381)
	at java.lang.ClassLoader.loadClass(ClassLoader.java:424)
	at sun.misc.Launcher$AppClassLoader.loadClass(Launcher.java:331)
	at java.lang.ClassLoader.loadClass(ClassLoader.java:357)
	... 35 more
2017-05-03 15:58:53,455 - Trying to use logger class org.apache.velocity.runtime.log.Log4JLogChute
2017-05-03 15:58:53,455 - Using logger class org.apache.velocity.runtime.log.Log4JLogChute
2017-05-03 15:58:53,457 - Default ResourceManager initializing. (class org.apache.velocity.runtime.resource.ResourceManagerImpl)
2017-05-03 15:58:53,459 - ResourceLoader instantiated: org.apache.velocity.runtime.resource.loader.FileResourceLoader
2017-05-03 15:58:53,460 - Do unicode file recognition:  false
2017-05-03 15:58:53,461 - FileResourceLoader : adding path '.'
2017-05-03 15:58:53,471 - ResourceCache: initialized (class org.apache.velocity.runtime.resource.ResourceCacheImpl)
2017-05-03 15:58:53,473 - Loaded System Directive: org.apache.velocity.runtime.directive.Literal
2017-05-03 15:58:53,474 - Loaded System Directive: org.apache.velocity.runtime.directive.Macro
2017-05-03 15:58:53,475 - Loaded System Directive: org.apache.velocity.runtime.directive.Parse
2017-05-03 15:58:53,476 - Loaded System Directive: org.apache.velocity.runtime.directive.Include
2017-05-03 15:58:53,477 - Loaded System Directive: org.apache.velocity.runtime.directive.Foreach
2017-05-03 15:58:53,500 - Created '20' parsers.
2017-05-03 15:58:53,513 - Velocimacro : "velocimacro.library" is not set.  Trying default library: VM_global_library.vm
2017-05-03 15:58:53,515 - Velocimacro : Default library not found.
2017-05-03 15:58:53,515 - Velocimacro : allowInline = true : VMs can be defined inline in templates
2017-05-03 15:58:53,515 - Velocimacro : allowInlineToOverride = false : VMs defined inline may NOT replace previous VM definitions
2017-05-03 15:58:53,515 - Velocimacro : allowInlineLocal = false : VMs defined inline will be global in scope if allowed.
2017-05-03 15:58:53,515 - Velocimacro : autoload off : VM system will not automatically reload global library macros
2017-05-03 15:59:01,037 - Log4JLogChute initialized using file 'velocity.log'
2017-05-03 15:59:01,037 - Velocity was not initialized! Calling init()...
2017-05-03 15:59:01,038 - Starting Apache Velocity v1.5 (compiled: 2007-02-22 08:52:29)
2017-05-03 15:59:01,038 - Default Properties File: org/apache/velocity/runtime/defaults/velocity.properties
2017-05-03 15:59:01,038 - Trying to use logger class org.apache.velocity.runtime.log.AvalonLogChute
2017-05-03 15:59:01,038 - Couldn't find class org.apache.velocity.runtime.log.AvalonLogChute or necessary supporting classes in classpath.
java.lang.NoClassDefFoundError: org/apache/log/format/Formatter
	at java.lang.Class.forName0(Native Method)
	at java.lang.Class.forName(Class.java:348)
	at org.apache.velocity.util.ClassUtils.getClass(ClassUtils.java:63)
	at org.apache.velocity.util.ClassUtils.getNewInstance(ClassUtils.java:95)
	at org.apache.velocity.runtime.log.LogManager.createLogChute(LogManager.java:147)
	at org.apache.velocity.runtime.log.LogManager.updateLog(LogManager.java:208)
	at org.apache.velocity.runtime.RuntimeInstance.initializeLog(RuntimeInstance.java:728)
	at org.apache.velocity.runtime.RuntimeInstance.init(RuntimeInstance.java:240)
	at org.apache.velocity.runtime.RuntimeInstance.parse(RuntimeInstance.java:993)
	at org.apache.velocity.runtime.RuntimeInstance.parse(RuntimeInstance.java:972)
	at org.apache.velocity.runtime.RuntimeSingleton.parse(RuntimeSingleton.java:265)
	at org.apache.velocity.app.Velocity.evaluate(Velocity.java:274)
	at com.cssrc.study.maven.WeatherFormatter.format(WeatherFormatter.java:24)
	at com.cssrc.study.maven.WeatherFormatterTest.testFormat(WeatherFormatterTest.java:21)
	at sun.reflect.NativeMethodAccessorImpl.invoke0(Native Method)
	at sun.reflect.NativeMethodAccessorImpl.invoke(NativeMethodAccessorImpl.java:62)
	at sun.reflect.DelegatingMethodAccessorImpl.invoke(DelegatingMethodAccessorImpl.java:43)
	at java.lang.reflect.Method.invoke(Method.java:498)
	at junit.framework.TestCase.runTest(TestCase.java:154)
	at junit.framework.TestCase.runBare(TestCase.java:127)
	at junit.framework.TestResult$1.protect(TestResult.java:106)
	at junit.framework.TestResult.runProtected(TestResult.java:124)
	at junit.framework.TestResult.run(TestResult.java:109)
	at junit.framework.TestCase.run(TestCase.java:118)
	at junit.framework.TestSuite.runTest(TestSuite.java:208)
	at junit.framework.TestSuite.run(TestSuite.java:203)
	at sun.reflect.NativeMethodAccessorImpl.invoke0(Native Method)
	at sun.reflect.NativeMethodAccessorImpl.invoke(NativeMethodAccessorImpl.java:62)
	at sun.reflect.DelegatingMethodAccessorImpl.invoke(DelegatingMethodAccessorImpl.java:43)
	at java.lang.reflect.Method.invoke(Method.java:498)
	at org.apache.maven.surefire.junit.JUnitTestSet.execute(JUnitTestSet.java:95)
	at org.apache.maven.surefire.junit.JUnit3Provider.executeTestSet(JUnit3Provider.java:121)
	at org.apache.maven.surefire.junit.JUnit3Provider.invoke(JUnit3Provider.java:98)
	at sun.reflect.NativeMethodAccessorImpl.invoke0(Native Method)
	at sun.reflect.NativeMethodAccessorImpl.invoke(NativeMethodAccessorImpl.java:62)
	at sun.reflect.DelegatingMethodAccessorImpl.invoke(DelegatingMethodAccessorImpl.java:43)
	at java.lang.reflect.Method.invoke(Method.java:498)
	at org.apache.maven.surefire.util.ReflectionUtils.invokeMethodWithArray(ReflectionUtils.java:189)
	at org.apache.maven.surefire.booter.ProviderFactory$ProviderProxy.invoke(ProviderFactory.java:165)
	at org.apache.maven.surefire.booter.ProviderFactory.invokeProvider(ProviderFactory.java:85)
	at org.apache.maven.surefire.booter.ForkedBooter.runSuitesInProcess(ForkedBooter.java:115)
	at org.apache.maven.surefire.booter.ForkedBooter.main(ForkedBooter.java:75)
Caused by: java.lang.ClassNotFoundException: org.apache.log.format.Formatter
	at java.net.URLClassLoader.findClass(URLClassLoader.java:381)
	at java.lang.ClassLoader.loadClass(ClassLoader.java:424)
	at sun.misc.Launcher$AppClassLoader.loadClass(Launcher.java:331)
	at java.lang.ClassLoader.loadClass(ClassLoader.java:357)
	... 42 more
2017-05-03 15:59:01,039 - Trying to use logger class org.apache.velocity.runtime.log.Log4JLogChute
2017-05-03 15:59:01,039 - Using logger class org.apache.velocity.runtime.log.Log4JLogChute
2017-05-03 15:59:01,041 - Default ResourceManager initializing. (class org.apache.velocity.runtime.resource.ResourceManagerImpl)
2017-05-03 15:59:01,042 - ResourceLoader instantiated: org.apache.velocity.runtime.resource.loader.FileResourceLoader
2017-05-03 15:59:01,043 - Do unicode file recognition:  false
2017-05-03 15:59:01,043 - FileResourceLoader : adding path '.'
2017-05-03 15:59:01,053 - ResourceCache: initialized (class org.apache.velocity.runtime.resource.ResourceCacheImpl)
2017-05-03 15:59:01,054 - Loaded System Directive: org.apache.velocity.runtime.directive.Literal
2017-05-03 15:59:01,054 - Loaded System Directive: org.apache.velocity.runtime.directive.Macro
2017-05-03 15:59:01,055 - Loaded System Directive: org.apache.velocity.runtime.directive.Parse
2017-05-03 15:59:01,056 - Loaded System Directive: org.apache.velocity.runtime.directive.Include
2017-05-03 15:59:01,056 - Loaded System Directive: org.apache.velocity.runtime.directive.Foreach
2017-05-03 15:59:01,075 - Created '20' parsers.
2017-05-03 15:59:01,078 - Velocimacro : "velocimacro.library" is not set.  Trying default library: VM_global_library.vm
2017-05-03 15:59:01,078 - Velocimacro : Default library not found.
2017-05-03 15:59:01,078 - Velocimacro : allowInline = true : VMs can be defined inline in templates
2017-05-03 15:59:01,078 - Velocimacro : allowInlineToOverride = false : VMs defined inline may NOT replace previous VM definitions
2017-05-03 15:59:01,079 - Velocimacro : allowInlineLocal = false : VMs defined inline will be global in scope if allowed.
2017-05-03 15:59:01,079 - Velocimacro : autoload off : VM system will not automatically reload global library macros
